Copyright 1986-2019 Xilinx, Inc. All Rights Reserved.
----------------------------------------------------------------------------------------------------------------------------------------------------------------------
| Tool Version     : Vivado v.2019.2 (lin64) Build 2708876 Wed Nov  6 21:39:14 MST 2019
| Date             : Tue Oct  8 12:07:45 2024
| Host             : sampath-OptiPlex-7090 running 64-bit Ubuntu 20.04.6 LTS
| Command          : report_power -file design_1_wrapper_power_routed.rpt -pb design_1_wrapper_power_summary_routed.pb -rpx design_1_wrapper_power_routed.rpx
| Design           : design_1_wrapper
| Device           : xczu28dr-ffvg1517-2-e
| Design State     : routed
| Grade            : extended
| Process          : typical
| Characterization : Production
----------------------------------------------------------------------------------------------------------------------------------------------------------------------

Power Report

Table of Contents
-----------------
1. Summary
1.1 On-Chip Components
1.2 Power Supply Summary
1.3 Confidence Level
2. Settings
2.1 Environment
2.2 Clock Constraints
3. Detailed Reports
3.1 By Hierarchy

1. Summary
----------

+--------------------------+--------------+
| Total On-Chip Power (W)  | 1.198        |
| Design Power Budget (W)  | Unspecified* |
| Power Budget Margin (W)  | NA           |
| Dynamic (W)              | 0.112        |
| Device Static (W)        | 1.085        |
| Effective TJA (C/W)      | 0.8          |
| Max Ambient (C)          | 99.0         |
| Junction Temperature (C) | 26.0         |
| Confidence Level         | Medium       |
| Setting File             | ---          |
| Simulation Activity File | ---          |
| Design Nets Matched      | NA           |
+--------------------------+--------------+
* Specify Design Power Budget using, set_operating_conditions -design_power_budget <value in Watts>


1.1 On-Chip Components
----------------------

+--------------------------+-----------+----------+-----------+-----------------+
| On-Chip                  | Power (W) | Used     | Available | Utilization (%) |
+--------------------------+-----------+----------+-----------+-----------------+
| Clocks                   |     0.008 |        5 |       --- |             --- |
| CLB Logic                |     0.002 |     5109 |       --- |             --- |
|   LUT as Logic           |     0.001 |     1555 |    425280 |            0.37 |
|   LUT as Shift Register  |    <0.001 |      115 |    213600 |            0.05 |
|   Register               |    <0.001 |     2653 |    850560 |            0.31 |
|   CARRY8                 |    <0.001 |       53 |     53160 |            0.10 |
|   LUT as Distributed RAM |    <0.001 |       32 |    213600 |            0.01 |
|   Others                 |     0.000 |      266 |       --- |             --- |
|   F7/F8 Muxes            |     0.000 |       19 |    425280 |           <0.01 |
| Signals                  |     0.001 |     3769 |       --- |             --- |
| Block RAM                |     0.001 |      1.5 |      1080 |            0.14 |
| MMCM                     |     0.097 |        0 |       --- |             --- |
| I/O                      |     0.002 |        2 |       347 |            0.58 |
| Static Power             |     1.085 |          |           |                 |
| Total                    |     1.198 |          |           |                 |
+--------------------------+-----------+----------+-----------+-----------------+


1.2 Power Supply Summary
------------------------

+-----------------+-------------+-----------+-------------+------------+
| Source          | Voltage (V) | Total (A) | Dynamic (A) | Static (A) |
+-----------------+-------------+-----------+-------------+------------+
| Vccint          |       0.850 |     0.290 |       0.015 |      0.275 |
| Vccint_io       |       0.850 |     0.070 |       0.000 |      0.070 |
| Vccbram         |       0.850 |     0.004 |       0.000 |      0.004 |
| Vccaux          |       1.800 |     0.335 |       0.054 |      0.281 |
| Vccaux_io       |       1.800 |     0.059 |       0.001 |      0.058 |
| Vcco33          |       3.300 |     0.000 |       0.000 |      0.000 |
| Vcco25          |       2.500 |     0.000 |       0.000 |      0.000 |
| Vcco18          |       1.800 |     0.000 |       0.000 |      0.000 |
| Vcco15          |       1.500 |     0.000 |       0.000 |      0.000 |
| Vcco135         |       1.350 |     0.000 |       0.000 |      0.000 |
| Vcco12          |       1.200 |     0.000 |       0.000 |      0.000 |
| Vcco10          |       1.000 |     0.000 |       0.000 |      0.000 |
| Vccadc          |       1.800 |     0.008 |       0.000 |      0.008 |
| VCC_PSINTFP     |       0.850 |     0.000 |       0.000 |      0.000 |
| VCC_PSINTLP     |       0.850 |     0.005 |       0.000 |      0.005 |
| VPS_MGTRAVCC    |       0.850 |     0.000 |       0.000 |      0.000 |
| VCC_PSINTFP_DDR |       0.850 |     0.000 |       0.000 |      0.000 |
| VCC_PSPLL       |       1.200 |     0.002 |       0.000 |      0.002 |
| VPS_MGTRAVTT    |       1.800 |     0.000 |       0.000 |      0.000 |
| VCCO_PSDDR_504  |       1.200 |     0.000 |       0.000 |      0.000 |
| VCC_PSAUX       |       1.800 |     0.002 |       0.000 |      0.002 |
| VCC_PSBATT      |       1.200 |     0.000 |       0.000 |      0.000 |
| VCC_PSDDR_PLL   |       1.800 |     0.000 |       0.000 |      0.000 |
| VCCO_PSIO0_500  |       3.300 |     0.000 |       0.000 |      0.000 |
| VCCO_PSIO1_501  |       3.300 |     0.000 |       0.000 |      0.000 |
| VCCO_PSIO2_502  |       3.300 |     0.000 |       0.000 |      0.000 |
| VCCO_PSIO3_503  |       3.300 |     0.000 |       0.000 |      0.000 |
| VCC_PSADC       |       1.800 |     0.002 |       0.000 |      0.002 |
| VCCINT_AMS      |       0.850 |     0.010 |       0.000 |      0.010 |
| DACAVCC         |       0.925 |     0.008 |       0.000 |      0.008 |
| DACAVCCAUX      |       1.800 |     0.000 |       0.000 |      0.000 |
| DACAVTT         |       2.500 |     0.005 |       0.000 |      0.005 |
| ADCAVCC         |       0.925 |     0.010 |       0.000 |      0.010 |
| ADCAVCCAUX      |       1.800 |     0.050 |       0.000 |      0.050 |
| VCCSDFEC        |       0.850 |     0.026 |       0.000 |      0.026 |
| MGTYAVcc        |       0.900 |     0.000 |       0.000 |      0.000 |
| MGTYAVtt        |       1.200 |     0.000 |       0.000 |      0.000 |
| MGTYVccaux      |       1.800 |     0.000 |       0.000 |      0.000 |
+-----------------+-------------+-----------+-------------+------------+


1.3 Confidence Level
--------------------

+-----------------------------+------------+------------------------------------------------+------------------------------------------------------------------------------------------------------------+
| User Input Data             | Confidence | Details                                        | Action                                                                                                     |
+-----------------------------+------------+------------------------------------------------+------------------------------------------------------------------------------------------------------------+
| Design implementation state | High       | Design is routed                               |                                                                                                            |
| Clock nodes activity        | High       | User specified more than 95% of clocks         |                                                                                                            |
| I/O nodes activity          | High       | User specified more than 95% of inputs         |                                                                                                            |
| Internal nodes activity     | Medium     | User specified less than 25% of internal nodes | Provide missing internal nodes activity with simulation results or by editing the "By Resource Type" views |
| Device models               | High       | Device models are Production                   |                                                                                                            |
|                             |            |                                                |                                                                                                            |
| Overall confidence level    | Medium     |                                                |                                                                                                            |
+-----------------------------+------------+------------------------------------------------+------------------------------------------------------------------------------------------------------------+


2. Settings
-----------

2.1 Environment
---------------

+-----------------------+--------------------------+
| Ambient Temp (C)      | 25.0                     |
| ThetaJA (C/W)         | 0.8                      |
| Airflow (LFM)         | 250                      |
| Heat Sink             | medium (Medium Profile)  |
| ThetaSA (C/W)         | 1.2                      |
| Board Selection       | medium (10"x10")         |
| # of Board Layers     | 12to15 (12 to 15 Layers) |
| Board Temperature (C) | 25.0                     |
+-----------------------+--------------------------+


2.2 Clock Constraints
---------------------

+-----------------------------------------------------------------------------------------------------+-------------------------------------------------------------------+-----------------+
| Clock                                                                                               | Domain                                                            | Constraint (ns) |
+-----------------------------------------------------------------------------------------------------+-------------------------------------------------------------------+-----------------+
| clk_out1_design_1_clk_wiz_0                                                                         | design_1_i/clk_wiz/inst/clk_out1_design_1_clk_wiz_0               |            10.0 |
| dbg_hub/inst/BSCANID.u_xsdbm_id/SWITCH_N_EXT_BSCAN.bscan_inst/SERIES7_BSCAN.bscan_inst/INTERNAL_TCK | dbg_hub/inst/BSCANID.u_xsdbm_id/SWITCH_N_EXT_BSCAN.bscan_inst/in0 |            50.0 |
| default_sysclk3_100mhz_clk_p                                                                        | default_sysclk3_100mhz_clk_p                                      |            10.0 |
+-----------------------------------------------------------------------------------------------------+-------------------------------------------------------------------+-----------------+


3. Detailed Reports
-------------------

3.1 By Hierarchy
----------------

+--------------------------+-----------+
| Name                     | Power (W) |
+--------------------------+-----------+
| design_1_wrapper         |     0.112 |
|   dbg_hub                |     0.002 |
|     inst                 |     0.002 |
|       BSCANID.u_xsdbm_id |     0.002 |
|   design_1_i             |     0.110 |
|     clk_wiz              |     0.100 |
|       inst               |     0.100 |
|     generator_0          |     0.001 |
|       inst               |     0.001 |
|     ila_0                |     0.007 |
|       inst               |     0.007 |
|     vio_0                |     0.002 |
|       inst               |     0.002 |
+--------------------------+-----------+


