Copyright 1986-2019 Xilinx, Inc. All Rights Reserved.
-----------------------------------------------------------------------------------------------------------------------------
| Tool Version : Vivado v.2019.2 (lin64) Build 2708876 Wed Nov  6 21:39:14 MST 2019
| Date         : Tue Oct  8 11:45:42 2024
| Host         : sampath-OptiPlex-7090 running 64-bit Ubuntu 20.04.6 LTS
| Command      : report_utilization -file design_2_wrapper_utilization_placed.rpt -pb design_2_wrapper_utilization_placed.pb
| Design       : design_2_wrapper
| Device       : xczu28drffvg1517-2
| Design State : Fully Placed
-----------------------------------------------------------------------------------------------------------------------------

Utilization Design Information

Table of Contents
-----------------
1. CLB Logic
1.1 Summary of Registers by Type
2. CLB Logic Distribution
3. BLOCKRAM
4. ARITHMETIC
5. I/O
6. CLOCK
7. ADVANCED
8. CONFIGURATION
9. Primitives
10. Black Boxes
11. Instantiated Netlists

1. CLB Logic
------------

+----------------------------+------+-------+-----------+-------+
|          Site Type         | Used | Fixed | Available | Util% |
+----------------------------+------+-------+-----------+-------+
| CLB LUTs                   | 1311 |     0 |    425280 |  0.31 |
|   LUT as Logic             | 1194 |     0 |    425280 |  0.28 |
|   LUT as Memory            |  117 |     0 |    213600 |  0.05 |
|     LUT as Distributed RAM |   32 |     0 |           |       |
|     LUT as Shift Register  |   85 |     0 |           |       |
| CLB Registers              | 2184 |     0 |    850560 |  0.26 |
|   Register as Flip Flop    | 2184 |     0 |    850560 |  0.26 |
|   Register as Latch        |    0 |     0 |    850560 |  0.00 |
| CARRY8                     |   19 |     0 |     53160 |  0.04 |
| F7 Muxes                   |    2 |     0 |    212640 | <0.01 |
| F8 Muxes                   |    0 |     0 |    106320 |  0.00 |
| F9 Muxes                   |    0 |     0 |     53160 |  0.00 |
+----------------------------+------+-------+-----------+-------+


1.1 Summary of Registers by Type
--------------------------------

+-------+--------------+-------------+--------------+
| Total | Clock Enable | Synchronous | Asynchronous |
+-------+--------------+-------------+--------------+
| 0     |            _ |           - |            - |
| 0     |            _ |           - |          Set |
| 0     |            _ |           - |        Reset |
| 0     |            _ |         Set |            - |
| 0     |            _ |       Reset |            - |
| 0     |          Yes |           - |            - |
| 40    |          Yes |           - |          Set |
| 177   |          Yes |           - |        Reset |
| 19    |          Yes |         Set |            - |
| 1948  |          Yes |       Reset |            - |
+-------+--------------+-------------+--------------+


2. CLB Logic Distribution
-------------------------

+--------------------------------------------+------+-------+-----------+-------+
|                  Site Type                 | Used | Fixed | Available | Util% |
+--------------------------------------------+------+-------+-----------+-------+
| CLB                                        |  357 |     0 |     53160 |  0.67 |
|   CLBL                                     |  188 |     0 |           |       |
|   CLBM                                     |  169 |     0 |           |       |
| LUT as Logic                               | 1194 |     0 |    425280 |  0.28 |
|   using O5 output only                     |   55 |       |           |       |
|   using O6 output only                     |  920 |       |           |       |
|   using O5 and O6                          |  219 |       |           |       |
| LUT as Memory                              |  117 |     0 |    213600 |  0.05 |
|   LUT as Distributed RAM                   |   32 |     0 |           |       |
|     using O5 output only                   |    0 |       |           |       |
|     using O6 output only                   |    0 |       |           |       |
|     using O5 and O6                        |   32 |       |           |       |
|   LUT as Shift Register                    |   85 |     0 |           |       |
|     using O5 output only                   |    0 |       |           |       |
|     using O6 output only                   |   37 |       |           |       |
|     using O5 and O6                        |   48 |       |           |       |
| CLB Registers                              | 2184 |     0 |    850560 |  0.26 |
|   Register driven from within the CLB      |  971 |       |           |       |
|   Register driven from outside the CLB     | 1213 |       |           |       |
|     LUT in front of the register is unused |  877 |       |           |       |
|     LUT in front of the register is used   |  336 |       |           |       |
| Unique Control Sets                        |  134 |       |    106320 |  0.13 |
+--------------------------------------------+------+-------+-----------+-------+
* Note: Available Control Sets calculated as CLB Registers / 8, Review the Control Sets Report for more information regarding control sets.


3. BLOCKRAM
-----------

+-------------------+------+-------+-----------+-------+
|     Site Type     | Used | Fixed | Available | Util% |
+-------------------+------+-------+-----------+-------+
| Block RAM Tile    |  0.5 |     0 |      1080 |  0.05 |
|   RAMB36/FIFO*    |    0 |     0 |      1080 |  0.00 |
|   RAMB18          |    1 |     0 |      2160 |  0.05 |
|     RAMB18E2 only |    1 |       |           |       |
| URAM              |    0 |     0 |        80 |  0.00 |
+-------------------+------+-------+-----------+-------+
* Note: Each Block RAM Tile only has one FIFO logic available and therefore can accommodate only one FIFO36E2 or one FIFO18E2. However, if a FIFO18E2 occupies a Block RAM Tile, that tile can still accommodate a RAMB18E2


4. ARITHMETIC
-------------

+-----------+------+-------+-----------+-------+
| Site Type | Used | Fixed | Available | Util% |
+-----------+------+-------+-----------+-------+
| DSPs      |    0 |     0 |      4272 |  0.00 |
+-----------+------+-------+-----------+-------+


5. I/O
------

+------------------+------+-------+-----------+-------+
|     Site Type    | Used | Fixed | Available | Util% |
+------------------+------+-------+-----------+-------+
| Bonded IOB       |    2 |     2 |       347 |  0.58 |
| HPIOB_M          |    1 |     1 |       138 |  0.72 |
|   INPUT          |    1 |       |           |       |
|   OUTPUT         |    0 |       |           |       |
|   BIDIR          |    0 |       |           |       |
| HPIOB_S          |    1 |     1 |       138 |  0.72 |
|   INPUT          |    1 |       |           |       |
|   OUTPUT         |    0 |       |           |       |
|   BIDIR          |    0 |       |           |       |
| HDIOB_M          |    0 |     0 |        24 |  0.00 |
| HDIOB_S          |    0 |     0 |        24 |  0.00 |
| HPIOB_SNGL       |    0 |     0 |        23 |  0.00 |
| HPIOBDIFFINBUF   |    1 |     1 |       192 |  0.52 |
|   DIFFINBUF      |    1 |     1 |           |       |
| HPIOBDIFFOUTBUF  |    0 |     0 |       192 |  0.00 |
| HDIOBDIFFINBUF   |    0 |     0 |        72 |  0.00 |
| BITSLICE_CONTROL |    0 |     0 |        64 |  0.00 |
| BITSLICE_RX_TX   |    0 |     0 |       416 |  0.00 |
| BITSLICE_TX      |    0 |     0 |        64 |  0.00 |
| RIU_OR           |    0 |     0 |        32 |  0.00 |
+------------------+------+-------+-----------+-------+


6. CLOCK
--------

+----------------------+------+-------+-----------+-------+
|       Site Type      | Used | Fixed | Available | Util% |
+----------------------+------+-------+-----------+-------+
| GLOBAL CLOCK BUFFERs |    2 |     0 |       696 |  0.29 |
|   BUFGCE             |    2 |     0 |       216 |  0.93 |
|   BUFGCE_DIV         |    0 |     0 |        32 |  0.00 |
|   BUFG_GT            |    0 |     0 |       312 |  0.00 |
|   BUFG_PS            |    0 |     0 |        72 |  0.00 |
|   BUFGCTRL*          |    0 |     0 |        64 |  0.00 |
| PLL                  |    0 |     0 |        16 |  0.00 |
| MMCM                 |    1 |     0 |         8 | 12.50 |
+----------------------+------+-------+-----------+-------+
* Note: Each used BUFGCTRL counts as two GLOBAL CLOCK BUFFERs. This table does not include global clocking resources, only buffer cell usage. See the Clock Utilization Report (report_clock_utilization) for detailed accounting of global clocking resource availability.


7. ADVANCED
-----------

+-----------------+------+-------+-----------+-------+
|    Site Type    | Used | Fixed | Available | Util% |
+-----------------+------+-------+-----------+-------+
| CMACE4          |    0 |     0 |         2 |  0.00 |
| FE              |    0 |     0 |         8 |  0.00 |
| GTYE4_CHANNEL   |    0 |     0 |        16 |  0.00 |
| GTYE4_COMMON    |    0 |     0 |         4 |  0.00 |
| HSADC           |    0 |     0 |         4 |  0.00 |
| HSDAC           |    0 |     0 |         4 |  0.00 |
| ILKNE4          |    0 |     0 |         1 |  0.00 |
| OBUFDS_GTE4     |    0 |     0 |         8 |  0.00 |
| OBUFDS_GTE4_ADV |    0 |     0 |         8 |  0.00 |
| PCIE40E4        |    0 |     0 |         2 |  0.00 |
| PS8             |    0 |     0 |         1 |  0.00 |
| SYSMONE4        |    0 |     0 |         1 |  0.00 |
+-----------------+------+-------+-----------+-------+


8. CONFIGURATION
----------------

+-------------+------+-------+-----------+-------+
|  Site Type  | Used | Fixed | Available | Util% |
+-------------+------+-------+-----------+-------+
| BSCANE2     |    1 |     0 |         4 | 25.00 |
| DNA_PORTE2  |    0 |     0 |         1 |  0.00 |
| EFUSE_USR   |    0 |     0 |         1 |  0.00 |
| FRAME_ECCE4 |    0 |     0 |         1 |  0.00 |
| ICAPE3      |    0 |     0 |         2 |  0.00 |
| MASTER_JTAG |    0 |     0 |         1 |  0.00 |
| STARTUPE3   |    0 |     0 |         1 |  0.00 |
+-------------+------+-------+-----------+-------+


9. Primitives
-------------

+------------+------+---------------------+
|  Ref Name  | Used | Functional Category |
+------------+------+---------------------+
| FDRE       | 1948 |            Register |
| LUT6       |  576 |                 CLB |
| LUT4       |  237 |                 CLB |
| LUT3       |  237 |                 CLB |
| LUT5       |  178 |                 CLB |
| FDCE       |  177 |            Register |
| LUT2       |  151 |                 CLB |
| SRLC32E    |   74 |                 CLB |
| SRL16E     |   57 |                 CLB |
| RAMD32     |   56 |                 CLB |
| FDPE       |   40 |            Register |
| LUT1       |   34 |                 CLB |
| FDSE       |   19 |            Register |
| CARRY8     |   19 |                 CLB |
| RAMS32     |    8 |                 CLB |
| SRLC16E    |    2 |                 CLB |
| MUXF7      |    2 |                 CLB |
| BUFGCE     |    2 |               Clock |
| RAMB18E2   |    1 |           Block Ram |
| MMCME4_ADV |    1 |               Clock |
| IBUFCTRL   |    1 |              Others |
| DIFFINBUF  |    1 |                 I/O |
| BSCANE2    |    1 |       Configuration |
+------------+------+---------------------+


10. Black Boxes
---------------

+----------+------+
| Ref Name | Used |
+----------+------+


11. Instantiated Netlists
-------------------------

+----------------------+------+
|       Ref Name       | Used |
+----------------------+------+
| design_2_vio_0_0     |    1 |
| design_2_ila_0_0     |    1 |
| design_2_clk_wiz_0_0 |    1 |
| design_2_adder_0_0   |    1 |
| dbg_hub              |    1 |
+----------------------+------+


